<?xml version="1.0" encoding="UTF-8"?>
<!-- Generated by org.testng.reporters.JUnitXMLReporter -->
<testsuite ignored="0" hostname="LAPTOP-T2V2EV8Q" failures="0" tests="4" name="Test" time="17.939" errors="0" timestamp="10 Aug 2021 02:32:09 GMT">
  <testcase classname="SeleniumTraining.HoverOver" name="MouseHoverOperation" time="2.669"/>
  <testcase classname="SeleniumTraining.HoverOver" name="f" time="0.002"/>
  <testcase classname="SeleniumTraining.screenshot" name="f" time="0.284"/>
  <testcase classname="SeleniumTraining.SampleDriver" name="f" time="0.005"/>
</testsuite> <!-- Test -->
